<?xml version="1.0" encoding="UTF-8"?>
<robot generator="Robot 7.4.2 (Python 3.13.1 on win32)" generated="2026-03-27T23:36:43.652681" rpa="false" schemaversion="5">
<suite id="s1" name="Actions" source="S:\Capgemini\RobotFramework\27-03-2025\actions.robot">
<test id="s1-t1" name="Handling Drag and Drop" line="9">
<kw name="Open Browser" owner="SeleniumLibrary">
<msg time="2026-03-27T23:36:43.837888" level="INFO">Opening browser 'chrome' to base url 'https://the-internet.herokuapp.com/'.</msg>
<arg>${url}</arg>
<arg>chrome</arg>
<doc>Opens a new browser instance to the optional ``url``.</doc>
<status status="PASS" start="2026-03-27T23:36:43.837313" elapsed="4.025597"/>
</kw>
<kw name="Maximize Browser Window" owner="SeleniumLibrary">
<doc>Maximizes current browser window.</doc>
<status status="PASS" start="2026-03-27T23:36:47.863426" elapsed="0.077809"/>
</kw>
<kw name="Sleep" owner="BuiltIn">
<msg time="2026-03-27T23:36:50.946904" level="INFO">Slept 3 seconds.</msg>
<arg>3s</arg>
<doc>Pauses the test executed for the given time.</doc>
<status status="PASS" start="2026-03-27T23:36:47.945235" elapsed="3.001984"/>
</kw>
<kw name="Click Element" owner="SeleniumLibrary">
<msg time="2026-03-27T23:36:50.948529" level="INFO">Clicking element 'xpath=//a[text()="Drag and Drop"]'.</msg>
<arg>xpath=//a[text()="Drag and Drop"]</arg>
<doc>Click the element identified by ``locator``.</doc>
<status status="PASS" start="2026-03-27T23:36:50.947855" elapsed="0.454090"/>
</kw>
<kw name="Sleep" owner="BuiltIn">
<msg time="2026-03-27T23:36:56.410494" level="INFO">Slept 5 seconds.</msg>
<arg>5s</arg>
<doc>Pauses the test executed for the given time.</doc>
<status status="PASS" start="2026-03-27T23:36:51.408160" elapsed="5.002509"/>
</kw>
<kw name="Drag And Drop" owner="SeleniumLibrary">
<arg>id=column-a</arg>
<arg>id=column-b</arg>
<doc>Drags the element identified by ``locator`` into the ``target`` element.</doc>
<status status="PASS" start="2026-03-27T23:36:56.411444" elapsed="0.591251"/>
</kw>
<kw name="Sleep" owner="BuiltIn">
<msg time="2026-03-27T23:37:02.004839" level="INFO">Slept 5 seconds.</msg>
<arg>5s</arg>
<doc>Pauses the test executed for the given time.</doc>
<status status="PASS" start="2026-03-27T23:36:57.003266" elapsed="5.002096"/>
</kw>
<kw name="Close Browser" owner="SeleniumLibrary">
<doc>Closes the current browser.</doc>
<status status="PASS" start="2026-03-27T23:37:02.005955" elapsed="2.387336"/>
</kw>
<tag>drop</tag>
<status status="PASS" start="2026-03-27T23:36:43.835863" elapsed="20.558107"/>
</test>
<status status="PASS" start="2026-03-27T23:36:43.654032" elapsed="20.740830"/>
</suite>
<statistics>
<total>
<stat pass="1" fail="0" skip="0">All Tests</stat>
</total>
<tag>
<stat pass="1" fail="0" skip="0">drop</stat>
</tag>
<suite>
<stat name="Actions" id="s1" pass="1" fail="0" skip="0">Actions</stat>
</suite>
</statistics>
<errors>
</errors>
</robot>
