<?xml version="1.0" encoding="UTF-8"?>
<robot generator="Robot 7.4.2 (Python 3.13.1 on win32)" generated="2026-03-28T13:13:18.806165" rpa="false" schemaversion="5">
<suite id="s1" name="Screnshots" source="S:\Capgemini\RobotFramework\28-03-2026\screnshots.robot">
<test id="s1-t1" name="Screenshots" line="8">
<kw name="Set Screenshot Directory" owner="SeleniumLibrary">
<arg>S:\\Capgemini\\RobotFramework\\28-03-2026/../Screenshots</arg>
<doc>Sets the directory for captured screenshots.</doc>
<status status="PASS" start="2026-03-28T13:13:18.944705" elapsed="0.000281"/>
</kw>
<kw name="Open Browser" owner="SeleniumLibrary">
<msg time="2026-03-28T13:13:18.945569" level="INFO">Opening browser 'chrome' to base url 'https://in.bookmyshow.com/explore/home/jaipur'.</msg>
<arg>${url}</arg>
<arg>chrome</arg>
<doc>Opens a new browser instance to the optional ``url``.</doc>
<status status="PASS" start="2026-03-28T13:13:18.945377" elapsed="4.365426"/>
</kw>
<kw name="Maximize Browser Window" owner="SeleniumLibrary">
<doc>Maximizes current browser window.</doc>
<status status="PASS" start="2026-03-28T13:13:23.311116" elapsed="0.083324"/>
</kw>
<kw name="Sleep" owner="BuiltIn">
<msg time="2026-03-28T13:13:25.397712" level="INFO">Slept 2 seconds.</msg>
<arg>2s</arg>
<doc>Pauses the test executed for the given time.</doc>
<status status="PASS" start="2026-03-28T13:13:23.395843" elapsed="2.002106"/>
</kw>
<kw name="Capture Page Screenshot" owner="SeleniumLibrary">
<msg time="2026-03-28T13:13:25.759169" level="INFO" html="true">&lt;/td&gt;&lt;/tr&gt;&lt;tr&gt;&lt;td colspan="3"&gt;&lt;a href="../../Screenshots/fullpage.png"&gt;&lt;img src="../../Screenshots/fullpage.png" width="800px"&gt;&lt;/a&gt;</msg>
<arg>fullpage.png</arg>
<doc>Takes a screenshot of the current page and embeds it into a log file.</doc>
<status status="PASS" start="2026-03-28T13:13:25.398657" elapsed="0.360666"/>
</kw>
<kw name="Sleep" owner="BuiltIn">
<msg time="2026-03-28T13:13:27.760540" level="INFO">Slept 2 seconds.</msg>
<arg>2s</arg>
<doc>Pauses the test executed for the given time.</doc>
<status status="PASS" start="2026-03-28T13:13:25.759716" elapsed="2.000946"/>
</kw>
<kw name="Capture Element Screenshot" owner="SeleniumLibrary">
<msg time="2026-03-28T13:13:27.866208" level="INFO" html="true">&lt;/td&gt;&lt;/tr&gt;&lt;tr&gt;&lt;td colspan="3"&gt;&lt;a href="../../Screenshots/dhurandhar.png"&gt;&lt;img src="../../Screenshots/dhurandhar.png" width="400px"&gt;&lt;/a&gt;</msg>
<arg>xpath=//img[@alt="Dhurandhar The Revenge"]</arg>
<arg>dhurandhar.png</arg>
<doc>Captures a screenshot from the element identified by ``locator`` and embeds it into log file.</doc>
<status status="PASS" start="2026-03-28T13:13:27.761161" elapsed="0.105159"/>
</kw>
<kw name="Sleep" owner="BuiltIn">
<msg time="2026-03-28T13:13:29.867623" level="INFO">Slept 2 seconds.</msg>
<arg>2s</arg>
<doc>Pauses the test executed for the given time.</doc>
<status status="PASS" start="2026-03-28T13:13:27.866619" elapsed="2.001210"/>
</kw>
<kw name="Close Browser" owner="SeleniumLibrary">
<doc>Closes the current browser.</doc>
<status status="PASS" start="2026-03-28T13:13:29.868300" elapsed="2.282831"/>
</kw>
<status status="PASS" start="2026-03-28T13:13:18.943685" elapsed="13.208019"/>
</test>
<status status="PASS" start="2026-03-28T13:13:18.807212" elapsed="13.345189"/>
</suite>
<statistics>
<total>
<stat pass="1" fail="0" skip="0">All Tests</stat>
</total>
<tag>
</tag>
<suite>
<stat name="Screnshots" id="s1" pass="1" fail="0" skip="0">Screnshots</stat>
</suite>
</statistics>
<errors>
</errors>
</robot>
