<?xml version="1.0" encoding="UTF-8"?>
<robot generator="Robot 7.4.2 (Python 3.14.3 on win32)" generated="2026-04-02T11:05:44.051519" rpa="false" schemaversion="5">
<suite id="s1" name="Arg" source="E:\Capgemini\RobotFramework\02-04-2026\arg.robot">
<test id="s1-t1" name="Login" line="8">
<kw name="Open Browser" owner="SeleniumLibrary">
<msg time="2026-04-02T11:05:44.378785" level="INFO">Opening browser 'chrome' to base url 'https://sauce-demo.myshopify.com/account/login'.</msg>
<arg>${url}</arg>
<arg>chrome</arg>
<doc>Opens a new browser instance to the optional ``url``.</doc>
<status status="PASS" start="2026-04-02T11:05:44.378330" elapsed="40.365340"/>
</kw>
<kw name="Maximize Browser Window" owner="SeleniumLibrary">
<doc>Maximizes current browser window.</doc>
<status status="PASS" start="2026-04-02T11:06:24.744837" elapsed="0.044083"/>
</kw>
<kw name="Sleep" owner="BuiltIn">
<msg time="2026-04-02T11:06:26.791003" level="INFO">Slept 2 seconds.</msg>
<arg>2s</arg>
<doc>Pauses the test executed for the given time.</doc>
<status status="PASS" start="2026-04-02T11:06:24.789450" elapsed="2.003192"/>
</kw>
<kw name="Login Success">
<kw name="Input Text" owner="SeleniumLibrary">
<msg time="2026-04-02T11:06:26.797050" level="INFO">Typing text 'tunda4munda@gmail.com' into text field 'id=customer_email'.</msg>
<arg>id=customer_email</arg>
<arg>${email}</arg>
<doc>Types the given ``text`` into the text field identified by ``locator``.</doc>
<status status="PASS" start="2026-04-02T11:06:26.795967" elapsed="0.264003"/>
</kw>
<kw name="Input Text" owner="SeleniumLibrary">
<msg time="2026-04-02T11:06:27.064184" level="INFO">Typing text 'iamironman' into text field 'id=customer_password'.</msg>
<arg>id=customer_password</arg>
<arg>${pwd}</arg>
<doc>Types the given ``text`` into the text field identified by ``locator``.</doc>
<status status="PASS" start="2026-04-02T11:06:27.061352" elapsed="0.141879"/>
</kw>
<arg>tunda4munda@gmail.com</arg>
<arg>iamironman</arg>
<status status="PASS" start="2026-04-02T11:06:26.794548" elapsed="0.408960"/>
</kw>
<kw name="Sleep" owner="BuiltIn">
<msg time="2026-04-02T11:06:32.205468" level="INFO">Slept 5 seconds.</msg>
<arg>5s</arg>
<doc>Pauses the test executed for the given time.</doc>
<status status="PASS" start="2026-04-02T11:06:27.204440" elapsed="5.001357"/>
</kw>
<status status="PASS" start="2026-04-02T11:05:44.376652" elapsed="47.830324"/>
</test>
<status status="PASS" start="2026-04-02T11:05:44.054289" elapsed="48.155744"/>
</suite>
<statistics>
<total>
<stat pass="1" fail="0" skip="0">All Tests</stat>
</total>
<tag>
</tag>
<suite>
<stat name="Arg" id="s1" pass="1" fail="0" skip="0">Arg</stat>
</suite>
</statistics>
<errors>
</errors>
</robot>
